<?xml version="1.0" encoding="UTF-8" ?>
<testsuite tests="7" failures="0" name="edu.dcccd.RPSUtilTest" time="0.009" errors="0" skipped="0">
  <properties>
[...]
</properties>
  <testcase classname="edu.dcccd.RPSUtilTest" name="testRockScissors" time="0.008"/>
  <testcase classname="edu.dcccd.RPSUtilTest" name="testTie" time="0"/>
  <testcase classname="edu.dcccd.RPSUtilTest" name="testPaperScissors" time="0.001"/>
  <testcase classname="edu.dcccd.RPSUtilTest" name="testPaperRock" time="0"/>
  <testcase classname="edu.dcccd.RPSUtilTest" name="testScissorsPaper" time="0"/>
  <testcase classname="edu.dcccd.RPSUtilTest" name="testRockPaper" time="0"/>
  <testcase classname="edu.dcccd.RPSUtilTest" name="testScissorsRock" time="0"/>
</testsuite>